(0000) 3000  0011000000000000 (   1)                 .ORIG x3000
(3000) 5020  0101000000100000 (   3)                 AND   R0 R0 #0
(3001) EC0C  1110110000001100 (   4)                 LEA   R6 ASCIIBUFF
(3002) 2A15  0010101000010101 (   5)                 LD    R5 char
(3003) 2815  0010100000010101 (   7) again           LD    R4 count
(3004) 1000  0001000000000000 (   8) multiply        ADD   R0 R0 R0
(3005) 193F  0001100100111111 (   9)                 ADD   R4 R4 #-1
(3006) 03FD  0000001111111101 (  10)                 BRP   multiply
(3007) 6580  0110010110000000 (  11)                 LDR   R2 R6 #0
(3008) 1DA1  0001110110100001 (  12)                 ADD   R6 R6 #1
(3009) 1485  0001010010000101 (  13)                 ADD   R2 R2 R5
(300A) 1002  0001000000000010 (  14)                 ADD   R0 R0 R2
(300B) 127F  0001001001111111 (  15)                 ADD   R1 R1 #-1
(300C) 03F6  0000001111110110 (  16)                 BRP   again
(300D) F025  1111000000100101 (  17)                 TRAP  x25
(300E) 0000  0000000000000000 (  20) ASCIIBUFF       .FILL x0000
(300F) 0000  0000000000000000 (  20)                 .FILL x0000
(3010) 0000  0000000000000000 (  20)                 .FILL x0000
(3011) 0000  0000000000000000 (  20)                 .FILL x0000
(3012) 0000  0000000000000000 (  20)                 .FILL x0000
(3013) 0000  0000000000000000 (  20)                 .FILL x0000
(3014) 0000  0000000000000000 (  20)                 .FILL x0000
(3015) 0000  0000000000000000 (  20)                 .FILL x0000
(3016) 0000  0000000000000000 (  20)                 .FILL x0000
(3017) 0000  0000000000000000 (  20)                 .FILL x0000
(3018) FFD0  1111111111010000 (  20) char            .FILL xFFD0
(3019) 000A  0000000000001010 (  21) count           .FILL x000A
