(0000) 3000  0011000000000000 (   1)                 .ORIG x3000
(3000) 2C51  0010110001010001 (   3)                 LD    R6 stack
(3001) 2054  0010000001010100 (   5)                 LD    R0 inter
(3002) B051  1011000001010001 (   6)                 STI   R0 vector
(3003) 2051  0010000001010001 (   8)                 LD    R0 enable
(3004) B04E  1011000001001110 (   9)                 STI   R0 kbsr
(3005) E006  1110000000000110 (  11) again           LEA   R0 string1
(3006) F022  1111000000100010 (  12)                 TRAP  x22
(3007) 4842  0100100001000010 (  13)                 JSR   DELAY
(3008) E022  1110000000100010 (  14)                 LEA   R0 string2
(3009) F022  1111000000100010 (  15)                 TRAP  x22
(300A) 483F  0100100000111111 (  16)                 JSR   DELAY
(300B) 0FF9  0000111111111001 (  17)                 BRNZP again
(300C) 0049  0000000001001001 (  19) string1         .FILL x0049
(300D) 0043  0000000001000011 (  19)                 .FILL x0043
(300E) 0053  0000000001010011 (  19)                 .FILL x0053
(300F) 0020  0000000000100000 (  19)                 .FILL x0020
(3010) 0020  0000000000100000 (  19)                 .FILL x0020
(3011) 0020  0000000000100000 (  19)                 .FILL x0020
(3012) 0049  0000000001001001 (  19)                 .FILL x0049
(3013) 0043  0000000001000011 (  19)                 .FILL x0043
(3014) 0053  0000000001010011 (  19)                 .FILL x0053
(3015) 0020  0000000000100000 (  19)                 .FILL x0020
(3016) 0020  0000000000100000 (  19)                 .FILL x0020
(3017) 0049  0000000001001001 (  19)                 .FILL x0049
(3018) 0043  0000000001000011 (  19)                 .FILL x0043
(3019) 0053  0000000001010011 (  19)                 .FILL x0053
(301A) 0020  0000000000100000 (  19)                 .FILL x0020
(301B) 0020  0000000000100000 (  19)                 .FILL x0020
(301C) 0049  0000000001001001 (  19)                 .FILL x0049
(301D) 0043  0000000001000011 (  19)                 .FILL x0043
(301E) 0053  0000000001010011 (  19)                 .FILL x0053
(301F) 0020  0000000000100000 (  19)                 .FILL x0020
(3020) 0020  0000000000100000 (  19)                 .FILL x0020
(3021) 0049  0000000001001001 (  19)                 .FILL x0049
(3022) 0043  0000000001000011 (  19)                 .FILL x0043
(3023) 0053  0000000001010011 (  19)                 .FILL x0053
(3024) 0020  0000000000100000 (  19)                 .FILL x0020
(3025) 0020  0000000000100000 (  19)                 .FILL x0020
(3026) 0049  0000000001001001 (  19)                 .FILL x0049
(3027) 0043  0000000001000011 (  19)                 .FILL x0043
(3028) 0053  0000000001010011 (  19)                 .FILL x0053
(3029) 000A  0000000000001010 (  19)                 .FILL x000A
(302A) 0000  0000000000000000 (  19)                 .FILL x0000
(302B) 0020  0000000000100000 (  20) string2         .FILL x0020
(302C) 0020  0000000000100000 (  20)                 .FILL x0020
(302D) 0020  0000000000100000 (  20)                 .FILL x0020
(302E) 0049  0000000001001001 (  20)                 .FILL x0049
(302F) 0043  0000000001000011 (  20)                 .FILL x0043
(3030) 0053  0000000001010011 (  20)                 .FILL x0053
(3031) 0020  0000000000100000 (  20)                 .FILL x0020
(3032) 0020  0000000000100000 (  20)                 .FILL x0020
(3033) 0049  0000000001001001 (  20)                 .FILL x0049
(3034) 0043  0000000001000011 (  20)                 .FILL x0043
(3035) 0053  0000000001010011 (  20)                 .FILL x0053
(3036) 0020  0000000000100000 (  20)                 .FILL x0020
(3037) 0020  0000000000100000 (  20)                 .FILL x0020
(3038) 0049  0000000001001001 (  20)                 .FILL x0049
(3039) 0043  0000000001000011 (  20)                 .FILL x0043
(303A) 0053  0000000001010011 (  20)                 .FILL x0053
(303B) 0020  0000000000100000 (  20)                 .FILL x0020
(303C) 0020  0000000000100000 (  20)                 .FILL x0020
(303D) 0049  0000000001001001 (  20)                 .FILL x0049
(303E) 0043  0000000001000011 (  20)                 .FILL x0043
(303F) 0053  0000000001010011 (  20)                 .FILL x0053
(3040) 0020  0000000000100000 (  20)                 .FILL x0020
(3041) 0020  0000000000100000 (  20)                 .FILL x0020
(3042) 0049  0000000001001001 (  20)                 .FILL x0049
(3043) 0043  0000000001000011 (  20)                 .FILL x0043
(3044) 0053  0000000001010011 (  20)                 .FILL x0053
(3045) 0020  0000000000100000 (  20)                 .FILL x0020
(3046) 0020  0000000000100000 (  20)                 .FILL x0020
(3047) 0020  0000000000100000 (  20)                 .FILL x0020
(3048) 000A  0000000000001010 (  20)                 .FILL x000A
(3049) 0000  0000000000000000 (  20)                 .FILL x0000
(304A) 3206  0011001000000110 (  23) DELAY           ST    R1 SaveR1
(304B) 2204  0010001000000100 (  24)                 LD    R1 COUNT
(304C) 127F  0001001001111111 (  25) REP             ADD   R1 R1 #-1
(304D) 03FE  0000001111111110 (  26)                 BRP   REP
(304E) 2202  0010001000000010 (  27)                 LD    R1 SaveR1
(304F) C1C0  1100000111000000 (  28)                 RET   
(3050) 7FFF  0111111111111111 (  29) COUNT           .FILL x7FFF
(3051) 0000  0000000000000000 (  32) SaveR1          .FILL x0000
(3052) 4000  0100000000000000 (  32) stack           .FILL x4000
(3053) FE00  1111111000000000 (  33) kbsr            .FILL xFE00
(3054) 0180  0000000110000000 (  34) vector          .FILL x0180
(3055) 4000  0100000000000000 (  35) enable          .FILL x4000
(3056) 2000  0010000000000000 (  36) inter           .FILL x2000
