(0000) 2000  0010000000000000 (   1)                 .ORIG x2000
(2000) 1DBF  0001110110111111 (   3)                 ADD   R6 R6 #-1
(2001) 7180  0111000110000000 (   4)                 STR   R0 R6 #0
(2002) 1DBF  0001110110111111 (   5)                 ADD   R6 R6 #-1
(2003) 7380  0111001110000000 (   6)                 STR   R1 R6 #0
(2004) 1DBF  0001110110111111 (   7)                 ADD   R6 R6 #-1
(2005) 7480  0111010010000000 (   8)                 STR   R2 R2 #0
(2006) A013  1010000000010011 (  10) return          LDI   R0 kbsr
(2007) 07FE  0000011111111110 (  11)                 BRZP  return
(2008) A012  1010000000010010 (  12)                 LDI   R0 kbdr
(2009) 2215  0010001000010101 (  13)                 LD    R1 lf
(200A) 1240  0001001001000000 (  14)                 ADD   R1 R1 R0
(200B) 0407  0000010000000111 (  15)                 BRZ   tail
(200C) 2211  0010001000010001 (  16)                 LD    R1 count
(200D) A40E  1010010000001110 (  17) show            LDI   R2 dsr
(200E) 07FE  0000011111111110 (  18)                 BRZP  show
(200F) B00D  1011000000001101 (  19)                 STI   R0 ddr
(2010) 127F  0001001001111111 (  20)                 ADD   R1 R1 #-1
(2011) 03FB  0000001111111011 (  21)                 BRP   show
(2012) 0FF3  0000111111110011 (  22)                 BRNZP return
(2013) 6580  0110010110000000 (  24) tail            LDR   R2 R6 #0
(2014) 1DA1  0001110110100001 (  25)                 ADD   R6 R6 #1
(2015) 6380  0110001110000000 (  26)                 LDR   R1 R6 #0
(2016) 1DA1  0001110110100001 (  27)                 ADD   R6 R6 #1
(2017) 6180  0110000110000000 (  28)                 LDR   R0 R6 #0
(2018) 1DA1  0001110110100001 (  29)                 ADD   R6 R6 #1
(2019) 8000  1000000000000000 (  30)                 RTI   
(201A) FE00  1111111000000000 (  32) kbsr            .FILL xFE00
(201B) FE02  1111111000000010 (  33) kbdr            .FILL xFE02
(201C) FE04  1111111000000100 (  34) dsr             .FILL xFE04
(201D) FE06  1111111000000110 (  35) ddr             .FILL xFE06
(201E) 000A  0000000000001010 (  36) count           .FILL x000A
(201F) FFF6  1111111111110110 (  37) lf              .FILL xFFF6
