(0000) 3000  0011000000000000 (   1)                 .ORIG x3000
(3000) 4804  0100100000000100 (   3) again           JSR   print
(3001) 48A9  0100100010101001 (   4)                 JSR   datain1
(3002) 4802  0100100000000010 (   5)                 JSR   print
(3003) 48F9  0100100011111001 (   6)                 JSR   datain2
(3004) 0FFB  0000111111111011 (   7)                 BRNZP again
(3005) 3021  0011000000100001 (  10) print           ST    R0 save_r0
(3006) 3221  0011001000100001 (  11)                 ST    R1 save_r1
(3007) 3EA2  0011111010100010 (  12)                 ST    R7 save_r7
(3008) E022  1110000000100010 (  13)                 LEA   R0 row_a
(3009) F022  1111000000100010 (  14)                 TRAP  x22
(300A) 201E  0010000000011110 (  15)                 LD    R0 stone
(300B) 2237  0010001000110111 (  16)                 LD    R1 num_a
(300C) F021  1111000000100001 (  17) loop_a          TRAP  x21
(300D) 127F  0001001001111111 (  18)                 ADD   R1 R1 #-1
(300E) 03FD  0000001111111101 (  19)                 BRP   loop_a
(300F) 201A  0010000000011010 (  20)                 LD    R0 cr
(3010) F021  1111000000100001 (  21)                 TRAP  x21
(3011) E021  1110000000100001 (  22)                 LEA   R0 row_b
(3012) F022  1111000000100010 (  23)                 TRAP  x22
(3013) 2015  0010000000010101 (  24)                 LD    R0 stone
(3014) 222F  0010001000101111 (  25)                 LD    R1 num_b
(3015) F021  1111000000100001 (  26) loop_b          TRAP  x21
(3016) 127F  0001001001111111 (  27)                 ADD   R1 R1 #-1
(3017) 03FD  0000001111111101 (  28)                 BRP   loop_b
(3018) 2011  0010000000010001 (  29)                 LD    R0 cr
(3019) F021  1111000000100001 (  30)                 TRAP  x21
(301A) E020  1110000000100000 (  31)                 LEA   R0 row_c
(301B) F022  1111000000100010 (  32)                 TRAP  x22
(301C) 200C  0010000000001100 (  33)                 LD    R0 stone
(301D) 2227  0010001000100111 (  34)                 LD    R1 num_c
(301E) F021  1111000000100001 (  35) loop_c          TRAP  x21
(301F) 127F  0001001001111111 (  36)                 ADD   R1 R1 #-1
(3020) 03FD  0000001111111101 (  37)                 BRP   loop_c
(3021) 2008  0010000000001000 (  38)                 LD    R0 cr
(3022) F021  1111000000100001 (  39)                 TRAP  x21
(3023) 2003  0010000000000011 (  40)                 LD    R0 save_r0
(3024) 2203  0010001000000011 (  41)                 LD    R1 save_r1
(3025) 2E84  0010111010000100 (  42)                 LD    R7 save_r7
(3026) C1C0  1100000111000000 (  43)                 RET   
(3027) 0000  0000000000000000 (  45) save_r0         .FILL x0000
(3028) 0000  0000000000000000 (  46) save_r1         .FILL x0000
(3029) 006F  0000000001101111 (  47) stone           .FILL x006F
(302A) 000D  0000000000001101 (  48) cr              .FILL x000D
(302B) 0052  0000000001010010 (  49) row_a           .FILL x0052
(302C) 004F  0000000001001111 (  49)                 .FILL x004F
(302D) 0057  0000000001010111 (  49)                 .FILL x0057
(302E) 0020  0000000000100000 (  49)                 .FILL x0020
(302F) 0041  0000000001000001 (  49)                 .FILL x0041
(3030) 003A  0000000000111010 (  49)                 .FILL x003A
(3031) 0020  0000000000100000 (  49)                 .FILL x0020
(3032) 0000  0000000000000000 (  49)                 .FILL x0000
(3033) 0052  0000000001010010 (  50) row_b           .FILL x0052
(3034) 004F  0000000001001111 (  50)                 .FILL x004F
(3035) 0057  0000000001010111 (  50)                 .FILL x0057
(3036) 0020  0000000000100000 (  50)                 .FILL x0020
(3037) 0042  0000000001000010 (  50)                 .FILL x0042
(3038) 003A  0000000000111010 (  50)                 .FILL x003A
(3039) 0020  0000000000100000 (  50)                 .FILL x0020
(303A) 0000  0000000000000000 (  50)                 .FILL x0000
(303B) 0052  0000000001010010 (  51) row_c           .FILL x0052
(303C) 004F  0000000001001111 (  51)                 .FILL x004F
(303D) 0057  0000000001010111 (  51)                 .FILL x0057
(303E) 0020  0000000000100000 (  51)                 .FILL x0020
(303F) 0043  0000000001000011 (  51)                 .FILL x0043
(3040) 003A  0000000000111010 (  51)                 .FILL x003A
(3041) 0020  0000000000100000 (  51)                 .FILL x0020
(3042) 0000  0000000000000000 (  51)                 .FILL x0000
(3043) 0003  0000000000000011 (  52) num_a           .FILL x0003
(3044) 0005  0000000000000101 (  53) num_b           .FILL x0005
(3045) 0008  0000000000001000 (  54) num_c           .FILL x0008
(3046) 31E0  0011000111100000 (  57) cue1            ST    R0 save_r0
(3047) 3E62  0011111001100010 (  58)                 ST    R7 save_r7
(3048) E004  1110000000000100 (  59)                 LEA   R0 play1
(3049) F022  1111000000100010 (  60)                 TRAP  x22
(304A) 21DC  0010000111011100 (  61)                 LD    R0 save_r0
(304B) 2E5E  0010111001011110 (  62)                 LD    R7 save_r7
(304C) C1C0  1100000111000000 (  63)                 RET   
(304D) 0050  0000000001010000 (  64) play1           .FILL x0050
(304E) 006C  0000000001101100 (  64)                 .FILL x006C
(304F) 0061  0000000001100001 (  64)                 .FILL x0061
(3050) 0079  0000000001111001 (  64)                 .FILL x0079
(3051) 0065  0000000001100101 (  64)                 .FILL x0065
(3052) 0072  0000000001110010 (  64)                 .FILL x0072
(3053) 0020  0000000000100000 (  64)                 .FILL x0020
(3054) 0031  0000000000110001 (  64)                 .FILL x0031
(3055) 002C  0000000000101100 (  64)                 .FILL x002C
(3056) 0063  0000000001100011 (  64)                 .FILL x0063
(3057) 0068  0000000001101000 (  64)                 .FILL x0068
(3058) 006F  0000000001101111 (  64)                 .FILL x006F
(3059) 006F  0000000001101111 (  64)                 .FILL x006F
(305A) 0073  0000000001110011 (  64)                 .FILL x0073
(305B) 0065  0000000001100101 (  64)                 .FILL x0065
(305C) 0020  0000000000100000 (  64)                 .FILL x0020
(305D) 0061  0000000001100001 (  64)                 .FILL x0061
(305E) 0020  0000000000100000 (  64)                 .FILL x0020
(305F) 0072  0000000001110010 (  64)                 .FILL x0072
(3060) 006F  0000000001101111 (  64)                 .FILL x006F
(3061) 0077  0000000001110111 (  64)                 .FILL x0077
(3062) 0020  0000000000100000 (  64)                 .FILL x0020
(3063) 0061  0000000001100001 (  64)                 .FILL x0061
(3064) 006E  0000000001101110 (  64)                 .FILL x006E
(3065) 0064  0000000001100100 (  64)                 .FILL x0064
(3066) 0020  0000000000100000 (  64)                 .FILL x0020
(3067) 006E  0000000001101110 (  64)                 .FILL x006E
(3068) 0075  0000000001110101 (  64)                 .FILL x0075
(3069) 006D  0000000001101101 (  64)                 .FILL x006D
(306A) 0062  0000000001100010 (  64)                 .FILL x0062
(306B) 0065  0000000001100101 (  64)                 .FILL x0065
(306C) 0072  0000000001110010 (  64)                 .FILL x0072
(306D) 0020  0000000000100000 (  64)                 .FILL x0020
(306E) 006F  0000000001101111 (  64)                 .FILL x006F
(306F) 0066  0000000001100110 (  64)                 .FILL x0066
(3070) 0020  0000000000100000 (  64)                 .FILL x0020
(3071) 0072  0000000001110010 (  64)                 .FILL x0072
(3072) 006F  0000000001101111 (  64)                 .FILL x006F
(3073) 0063  0000000001100011 (  64)                 .FILL x0063
(3074) 006B  0000000001101011 (  64)                 .FILL x006B
(3075) 0073  0000000001110011 (  64)                 .FILL x0073
(3076) 003A  0000000000111010 (  64)                 .FILL x003A
(3077) 0000  0000000000000000 (  64)                 .FILL x0000
(3078) 31AE  0011000110101110 (  67) cue2            ST    R0 save_r0
(3079) 3E30  0011111000110000 (  68)                 ST    R7 save_r7
(307A) E004  1110000000000100 (  69)                 LEA   R0 play2
(307B) F022  1111000000100010 (  70)                 TRAP  x22
(307C) 21AA  0010000110101010 (  71)                 LD    R0 save_r0
(307D) 2E2C  0010111000101100 (  72)                 LD    R7 save_r7
(307E) C1C0  1100000111000000 (  73)                 RET   
(307F) 0050  0000000001010000 (  74) play2           .FILL x0050
(3080) 006C  0000000001101100 (  74)                 .FILL x006C
(3081) 0061  0000000001100001 (  74)                 .FILL x0061
(3082) 0079  0000000001111001 (  74)                 .FILL x0079
(3083) 0065  0000000001100101 (  74)                 .FILL x0065
(3084) 0072  0000000001110010 (  74)                 .FILL x0072
(3085) 0020  0000000000100000 (  74)                 .FILL x0020
(3086) 0032  0000000000110010 (  74)                 .FILL x0032
(3087) 002C  0000000000101100 (  74)                 .FILL x002C
(3088) 0063  0000000001100011 (  74)                 .FILL x0063
(3089) 0068  0000000001101000 (  74)                 .FILL x0068
(308A) 006F  0000000001101111 (  74)                 .FILL x006F
(308B) 006F  0000000001101111 (  74)                 .FILL x006F
(308C) 0073  0000000001110011 (  74)                 .FILL x0073
(308D) 0065  0000000001100101 (  74)                 .FILL x0065
(308E) 0020  0000000000100000 (  74)                 .FILL x0020
(308F) 0061  0000000001100001 (  74)                 .FILL x0061
(3090) 0020  0000000000100000 (  74)                 .FILL x0020
(3091) 0072  0000000001110010 (  74)                 .FILL x0072
(3092) 006F  0000000001101111 (  74)                 .FILL x006F
(3093) 0077  0000000001110111 (  74)                 .FILL x0077
(3094) 0020  0000000000100000 (  74)                 .FILL x0020
(3095) 0061  0000000001100001 (  74)                 .FILL x0061
(3096) 006E  0000000001101110 (  74)                 .FILL x006E
(3097) 0064  0000000001100100 (  74)                 .FILL x0064
(3098) 0020  0000000000100000 (  74)                 .FILL x0020
(3099) 006E  0000000001101110 (  74)                 .FILL x006E
(309A) 0075  0000000001110101 (  74)                 .FILL x0075
(309B) 006D  0000000001101101 (  74)                 .FILL x006D
(309C) 0062  0000000001100010 (  74)                 .FILL x0062
(309D) 0065  0000000001100101 (  74)                 .FILL x0065
(309E) 0072  0000000001110010 (  74)                 .FILL x0072
(309F) 0020  0000000000100000 (  74)                 .FILL x0020
(30A0) 006F  0000000001101111 (  74)                 .FILL x006F
(30A1) 0066  0000000001100110 (  74)                 .FILL x0066
(30A2) 0020  0000000000100000 (  74)                 .FILL x0020
(30A3) 0072  0000000001110010 (  74)                 .FILL x0072
(30A4) 006F  0000000001101111 (  74)                 .FILL x006F
(30A5) 0063  0000000001100011 (  74)                 .FILL x0063
(30A6) 006B  0000000001101011 (  74)                 .FILL x006B
(30A7) 0073  0000000001110011 (  74)                 .FILL x0073
(30A8) 003A  0000000000111010 (  74)                 .FILL x003A
(30A9) 0000  0000000000000000 (  74)                 .FILL x0000
(30AA) 0000  0000000000000000 (  75) save_r7         .FILL x0000
(30AB) 317B  0011000101111011 (  78) datain1         ST    R0 save_r0
(30AC) 34E7  0011010011100111 (  79)                 ST    R2 save_r2
(30AD) 36E7  0011011011100111 (  80)                 ST    R3 save_r3
(30AE) 3EE7  0011111011100111 (  81)                 ST    R7 saver7
(30AF) 4F96  0100111110010110 (  82) try1            JSR   cue1
(30B0) F020  1111000000100000 (  83)                 TRAP  x20
(30B1) F021  1111000000100001 (  84)                 TRAP  x21
(30B2) 1420  0001010000100000 (  85)                 ADD   R2 R0 #0
(30B3) 94BF  1001010010111111 (  86)                 NOT   R2 R2
(30B4) 14A1  0001010010100001 (  87)                 ADD   R2 R2 #1
(30B5) F020  1111000000100000 (  88)                 TRAP  x20
(30B6) F021  1111000000100001 (  89)                 TRAP  x21
(30B7) 1620  0001011000100000 (  90)                 ADD   R3 R0 #0
(30B8) 209D  0010000010011101 (  91)                 LD    R0 lf
(30B9) F021  1111000000100001 (  92)                 TRAP  x21
(30BA) 209C  0010000010011100 (  93) test1a          LD    R0 char_a
(30BB) 1080  0001000010000000 (  94)                 ADD   R0 R2 R0
(30BC) 0A10  0000101000010000 (  95)                 BRNP  test1b
(30BD) 209C  0010000010011100 (  96)                 LD    R0 char_0
(30BE) 903F  1001000000111111 (  97)                 NOT   R0 R0
(30BF) 1021  0001000000100001 (  98)                 ADD   R0 R0 #1
(30C0) 1003  0001000000000011 (  99)                 ADD   R0 R0 R3
(30C1) 0836  0000100000110110 ( 100)                 BRN   error1
(30C2) 2780  0010011110000000 ( 101)                 LD    R3 num_a
(30C3) 903F  1001000000111111 ( 102)                 NOT   R0 R0
(30C4) 1021  0001000000100001 ( 103)                 ADD   R0 R0 #1
(30C5) 1603  0001011000000011 ( 104)                 ADD   R3 R0 R3
(30C6) 0831  0000100000110001 ( 105)                 BRN   error1
(30C7) 377B  0011011101111011 ( 106)                 ST    R3 num_a
(30C8) 26C9  0010011011001001 ( 107)                 LD    R3 sum_abc
(30C9) 16C0  0001011011000000 ( 108)                 ADD   R3 R3 R0
(30CA) 0428  0000010000101000 ( 109)                 BRZ   win1
(30CB) 36C6  0011011011000110 ( 110)                 ST    R3 sum_abc
(30CC) 0E82  0000111010000010 ( 111)                 BRNZP save
(30CD) 208A  0010000010001010 ( 112) test1b          LD    R0 char_b
(30CE) 1080  0001000010000000 ( 113)                 ADD   R0 R2 R0
(30CF) 0A10  0000101000010000 ( 114)                 BRNP  test1c
(30D0) 2089  0010000010001001 ( 115)                 LD    R0 char_0
(30D1) 903F  1001000000111111 ( 116)                 NOT   R0 R0
(30D2) 1021  0001000000100001 ( 117)                 ADD   R0 R0 #1
(30D3) 1003  0001000000000011 ( 118)                 ADD   R0 R0 R3
(30D4) 0823  0000100000100011 ( 119)                 BRN   error1
(30D5) 276E  0010011101101110 ( 120)                 LD    R3 num_b
(30D6) 903F  1001000000111111 ( 121)                 NOT   R0 R0
(30D7) 1021  0001000000100001 ( 122)                 ADD   R0 R0 #1
(30D8) 1603  0001011000000011 ( 123)                 ADD   R3 R0 R3
(30D9) 081E  0000100000011110 ( 124)                 BRN   error1
(30DA) 3769  0011011101101001 ( 125)                 ST    R3 num_b
(30DB) 26B6  0010011010110110 ( 126)                 LD    R3 sum_abc
(30DC) 16C0  0001011011000000 ( 127)                 ADD   R3 R3 R0
(30DD) 0415  0000010000010101 ( 128)                 BRZ   win1
(30DE) 36B3  0011011010110011 ( 129)                 ST    R3 sum_abc
(30DF) 0E6F  0000111001101111 ( 130)                 BRNZP save
(30E0) 2078  0010000001111000 ( 131) test1c          LD    R0 char_c
(30E1) 1080  0001000010000000 ( 132)                 ADD   R0 R2 R0
(30E2) 0A15  0000101000010101 ( 133)                 BRNP  error1
(30E3) 2076  0010000001110110 ( 134)                 LD    R0 char_0
(30E4) 903F  1001000000111111 ( 135)                 NOT   R0 R0
(30E5) 1021  0001000000100001 ( 136)                 ADD   R0 R0 #1
(30E6) 1003  0001000000000011 ( 137)                 ADD   R0 R0 R3
(30E7) 0810  0000100000010000 ( 138)                 BRN   error1
(30E8) 275C  0010011101011100 ( 139)                 LD    R3 num_c
(30E9) 903F  1001000000111111 ( 140)                 NOT   R0 R0
(30EA) 1021  0001000000100001 ( 141)                 ADD   R0 R0 #1
(30EB) 1603  0001011000000011 ( 142)                 ADD   R3 R0 R3
(30EC) 080B  0000100000001011 ( 143)                 BRN   error1
(30ED) 3757  0011011101010111 ( 144)                 ST    R3 num_c
(30EE) 26A3  0010011010100011 ( 145)                 LD    R3 sum_abc
(30EF) 16C0  0001011011000000 ( 146)                 ADD   R3 R3 R0
(30F0) 0402  0000010000000010 ( 147)                 BRZ   win1
(30F1) 36A0  0011011010100000 ( 148)                 ST    R3 sum_abc
(30F2) 0E5C  0000111001011100 ( 149)                 BRNZP save
(30F3) 2062  0010000001100010 ( 150) win1            LD    R0 lf
(30F4) F021  1111000000100001 ( 151)                 TRAP  x21
(30F5) E065  1110000001100101 ( 152)                 LEA   R0 wins1
(30F6) F022  1111000000100010 ( 153)                 TRAP  x22
(30F7) F025  1111000000100101 ( 154)                 TRAP  x25
(30F8) E080  1110000010000000 ( 155) error1          LEA   R0 invalid
(30F9) F022  1111000000100010 ( 156)                 TRAP  x22
(30FA) 205B  0010000001011011 ( 157)                 LD    R0 lf
(30FB) F021  1111000000100001 ( 158)                 TRAP  x21
(30FC) 0FB2  0000111110110010 ( 159)                 BRNZP try1
(30FD) 3129  0011000100101001 ( 161) datain2         ST    R0 save_r0
(30FE) 3495  0011010010010101 ( 162)                 ST    R2 save_r2
(30FF) 3695  0011011010010101 ( 163)                 ST    R3 save_r3
(3100) 3E95  0011111010010101 ( 164)                 ST    R7 saver7
(3101) 4F76  0100111101110110 ( 165) try2            JSR   cue2
(3102) F020  1111000000100000 ( 166)                 TRAP  x20
(3103) F021  1111000000100001 ( 167)                 TRAP  x21
(3104) 1420  0001010000100000 ( 168)                 ADD   R2 R0 #0
(3105) 94BF  1001010010111111 ( 169)                 NOT   R2 R2
(3106) 14A1  0001010010100001 ( 170)                 ADD   R2 R2 #1
(3107) F020  1111000000100000 ( 171)                 TRAP  x20
(3108) F021  1111000000100001 ( 172)                 TRAP  x21
(3109) 1620  0001011000100000 ( 173)                 ADD   R3 R0 #0
(310A) 204B  0010000001001011 ( 174)                 LD    R0 lf
(310B) F021  1111000000100001 ( 175)                 TRAP  x21
(310C) 204A  0010000001001010 ( 176) test2a          LD    R0 char_a
(310D) 1080  0001000010000000 ( 177)                 ADD   R0 R2 R0
(310E) 0A10  0000101000010000 ( 178)                 BRNP  test2b
(310F) 204A  0010000001001010 ( 179)                 LD    R0 char_0
(3110) 903F  1001000000111111 ( 180)                 NOT   R0 R0
(3111) 1021  0001000000100001 ( 181)                 ADD   R0 R0 #1
(3112) 1003  0001000000000011 ( 182)                 ADD   R0 R0 R3
(3113) 0836  0000100000110110 ( 183)                 BRN   error2
(3114) 272E  0010011100101110 ( 184)                 LD    R3 num_a
(3115) 903F  1001000000111111 ( 185)                 NOT   R0 R0
(3116) 1021  0001000000100001 ( 186)                 ADD   R0 R0 #1
(3117) 1603  0001011000000011 ( 187)                 ADD   R3 R0 R3
(3118) 0831  0000100000110001 ( 188)                 BRN   error2
(3119) 3729  0011011100101001 ( 189)                 ST    R3 num_a
(311A) 2677  0010011001110111 ( 190)                 LD    R3 sum_abc
(311B) 16C0  0001011011000000 ( 191)                 ADD   R3 R3 R0
(311C) 0428  0000010000101000 ( 192)                 BRZ   win2
(311D) 3674  0011011001110100 ( 193)                 ST    R3 sum_abc
(311E) 0E30  0000111000110000 ( 194)                 BRNZP save
(311F) 2038  0010000000111000 ( 195) test2b          LD    R0 char_b
(3120) 1080  0001000010000000 ( 196)                 ADD   R0 R2 R0
(3121) 0A10  0000101000010000 ( 197)                 BRNP  test2c
(3122) 2037  0010000000110111 ( 198)                 LD    R0 char_0
(3123) 903F  1001000000111111 ( 199)                 NOT   R0 R0
(3124) 1021  0001000000100001 ( 200)                 ADD   R0 R0 #1
(3125) 1003  0001000000000011 ( 201)                 ADD   R0 R0 R3
(3126) 0823  0000100000100011 ( 202)                 BRN   error2
(3127) 271C  0010011100011100 ( 203)                 LD    R3 num_b
(3128) 903F  1001000000111111 ( 204)                 NOT   R0 R0
(3129) 1021  0001000000100001 ( 205)                 ADD   R0 R0 #1
(312A) 1603  0001011000000011 ( 206)                 ADD   R3 R0 R3
(312B) 081E  0000100000011110 ( 207)                 BRN   error2
(312C) 3717  0011011100010111 ( 208)                 ST    R3 num_b
(312D) 2664  0010011001100100 ( 209)                 LD    R3 sum_abc
(312E) 16C0  0001011011000000 ( 210)                 ADD   R3 R3 R0
(312F) 0415  0000010000010101 ( 211)                 BRZ   win2
(3130) 3661  0011011001100001 ( 212)                 ST    R3 sum_abc
(3131) 0E1D  0000111000011101 ( 213)                 BRNZP save
(3132) 2026  0010000000100110 ( 214) test2c          LD    R0 char_c
(3133) 1080  0001000010000000 ( 215)                 ADD   R0 R2 R0
(3134) 0A15  0000101000010101 ( 216)                 BRNP  error2
(3135) 2024  0010000000100100 ( 217)                 LD    R0 char_0
(3136) 903F  1001000000111111 ( 218)                 NOT   R0 R0
(3137) 1021  0001000000100001 ( 219)                 ADD   R0 R0 #1
(3138) 1003  0001000000000011 ( 220)                 ADD   R0 R0 R3
(3139) 0810  0000100000010000 ( 221)                 BRN   error2
(313A) 270A  0010011100001010 ( 222)                 LD    R3 num_c
(313B) 903F  1001000000111111 ( 223)                 NOT   R0 R0
(313C) 1021  0001000000100001 ( 224)                 ADD   R0 R0 #1
(313D) 1603  0001011000000011 ( 225)                 ADD   R3 R0 R3
(313E) 080B  0000100000001011 ( 226)                 BRN   error2
(313F) 3705  0011011100000101 ( 227)                 ST    R3 num_c
(3140) 2651  0010011001010001 ( 228)                 LD    R3 sum_abc
(3141) 16C0  0001011011000000 ( 229)                 ADD   R3 R3 R0
(3142) 0402  0000010000000010 ( 230)                 BRZ   win2
(3143) 364E  0011011001001110 ( 231)                 ST    R3 sum_abc
(3144) 0E0A  0000111000001010 ( 232)                 BRNZP save
(3145) 2010  0010000000010000 ( 234) win2            LD    R0 lf
(3146) F021  1111000000100001 ( 235)                 TRAP  x21
(3147) E022  1110000000100010 ( 236)                 LEA   R0 wins2
(3148) F022  1111000000100010 ( 237)                 TRAP  x22
(3149) F025  1111000000100101 ( 238)                 TRAP  x25
(314A) E02E  1110000000101110 ( 239) error2          LEA   R0 invalid
(314B) F022  1111000000100010 ( 240)                 TRAP  x22
(314C) 2009  0010000000001001 ( 241)                 LD    R0 lf
(314D) F021  1111000000100001 ( 242)                 TRAP  x21
(314E) 0FB2  0000111110110010 ( 243)                 BRNZP try2
(314F) 2006  0010000000000110 ( 244) save            LD    R0 lf
(3150) F021  1111000000100001 ( 245)                 TRAP  x21
(3151) 2041  0010000001000001 ( 246)                 LD    R0 saver0
(3152) 2441  0010010001000001 ( 247)                 LD    R2 save_r2
(3153) 2641  0010011001000001 ( 248)                 LD    R3 save_r3
(3154) 2E41  0010111001000001 ( 249)                 LD    R7 saver7
(3155) C1C0  1100000111000000 ( 250)                 RET   
(3156) 000A  0000000000001010 ( 252) lf              .FILL x000A
(3157) 0041  0000000001000001 ( 253) char_a          .FILL x0041
(3158) 0042  0000000001000010 ( 254) char_b          .FILL x0042
(3159) 0043  0000000001000011 ( 255) char_c          .FILL x0043
(315A) 0030  0000000000110000 ( 256) char_0          .FILL x0030
(315B) 0050  0000000001010000 ( 257) wins1           .FILL x0050
(315C) 006C  0000000001101100 ( 257)                 .FILL x006C
(315D) 0061  0000000001100001 ( 257)                 .FILL x0061
(315E) 0079  0000000001111001 ( 257)                 .FILL x0079
(315F) 0065  0000000001100101 ( 257)                 .FILL x0065
(3160) 0072  0000000001110010 ( 257)                 .FILL x0072
(3161) 0020  0000000000100000 ( 257)                 .FILL x0020
(3162) 0031  0000000000110001 ( 257)                 .FILL x0031
(3163) 0020  0000000000100000 ( 257)                 .FILL x0020
(3164) 0057  0000000001010111 ( 257)                 .FILL x0057
(3165) 0069  0000000001101001 ( 257)                 .FILL x0069
(3166) 006E  0000000001101110 ( 257)                 .FILL x006E
(3167) 0073  0000000001110011 ( 257)                 .FILL x0073
(3168) 002E  0000000000101110 ( 257)                 .FILL x002E
(3169) 0000  0000000000000000 ( 257)                 .FILL x0000
(316A) 0050  0000000001010000 ( 258) wins2           .FILL x0050
(316B) 006C  0000000001101100 ( 258)                 .FILL x006C
(316C) 0061  0000000001100001 ( 258)                 .FILL x0061
(316D) 0079  0000000001111001 ( 258)                 .FILL x0079
(316E) 0065  0000000001100101 ( 258)                 .FILL x0065
(316F) 0072  0000000001110010 ( 258)                 .FILL x0072
(3170) 0020  0000000000100000 ( 258)                 .FILL x0020
(3171) 0032  0000000000110010 ( 258)                 .FILL x0032
(3172) 0020  0000000000100000 ( 258)                 .FILL x0020
(3173) 0057  0000000001010111 ( 258)                 .FILL x0057
(3174) 0069  0000000001101001 ( 258)                 .FILL x0069
(3175) 006E  0000000001101110 ( 258)                 .FILL x006E
(3176) 0073  0000000001110011 ( 258)                 .FILL x0073
(3177) 002E  0000000000101110 ( 258)                 .FILL x002E
(3178) 0000  0000000000000000 ( 258)                 .FILL x0000
(3179) 0049  0000000001001001 ( 259) invalid         .FILL x0049
(317A) 006E  0000000001101110 ( 259)                 .FILL x006E
(317B) 0076  0000000001110110 ( 259)                 .FILL x0076
(317C) 0061  0000000001100001 ( 259)                 .FILL x0061
(317D) 006C  0000000001101100 ( 259)                 .FILL x006C
(317E) 0069  0000000001101001 ( 259)                 .FILL x0069
(317F) 0064  0000000001100100 ( 259)                 .FILL x0064
(3180) 0020  0000000000100000 ( 259)                 .FILL x0020
(3181) 006D  0000000001101101 ( 259)                 .FILL x006D
(3182) 006F  0000000001101111 ( 259)                 .FILL x006F
(3183) 0076  0000000001110110 ( 259)                 .FILL x0076
(3184) 0065  0000000001100101 ( 259)                 .FILL x0065
(3185) 002E  0000000000101110 ( 259)                 .FILL x002E
(3186) 0020  0000000000100000 ( 259)                 .FILL x0020
(3187) 0054  0000000001010100 ( 259)                 .FILL x0054
(3188) 0072  0000000001110010 ( 259)                 .FILL x0072
(3189) 0079  0000000001111001 ( 259)                 .FILL x0079
(318A) 0020  0000000000100000 ( 259)                 .FILL x0020
(318B) 0061  0000000001100001 ( 259)                 .FILL x0061
(318C) 0067  0000000001100111 ( 259)                 .FILL x0067
(318D) 0061  0000000001100001 ( 259)                 .FILL x0061
(318E) 0069  0000000001101001 ( 259)                 .FILL x0069
(318F) 006E  0000000001101110 ( 259)                 .FILL x006E
(3190) 002E  0000000000101110 ( 259)                 .FILL x002E
(3191) 0000  0000000000000000 ( 259)                 .FILL x0000
(3192) 0010  0000000000010000 ( 260) sum_abc         .FILL x0010
(3193) 0000  0000000000000000 ( 261) saver0          .FILL x0000
(3194) 0000  0000000000000000 ( 262) save_r2         .FILL x0000
(3195) 0000  0000000000000000 ( 263) save_r3         .FILL x0000
(3196) 0000  0000000000000000 ( 264) saver7          .FILL x0000
