(0000) 3000  0011000000000000 (   1)                 .ORIG x3000
(3000) F023  1111000000100011 (   2)                 TRAP  x23
(3001) 56E0  0101011011100000 (   3)                 AND   R3 R3 #0
(3002) 16E9  0001011011101001 (   4)                 ADD   R3 R3 #9
(3003) 2835  0010100000110101 (   5)                 LD    R4 TONUMBER
(3004) 2A33  0010101000110011 (   6)                 LD    R5 ISHEXNUM
(3005) 2235  0010001000110101 (   7)                 LD    R1 DEC
(3006) 1240  0001001001000000 (   8)                 ADD   R1 R1 R0
(3007) 0404  0000010000000100 (   9)                 BRZ   GETNUMS
(3008) 2231  0010001000110001 (  10)                 LD    R1 HEX
(3009) 1240  0001001001000000 (  11)                 ADD   R1 R1 R0
(300A) 0A29  0000101000101001 (  12)                 BRNP  FINISH
(300B) 16E6  0001011011100110 (  13)                 ADD   R3 R3 #6
(300C) F023  1111000000100011 (  14) GETNUMS         TRAP  x23
(300D) 3027  0011000000100111 (  15)                 ST    R0 CHAR1
(300E) F023  1111000000100011 (  16)                 TRAP  x23
(300F) 3026  0011000000100110 (  17)                 ST    R0 CHAR2
(3010) EC24  1110110000100100 (  18)                 LEA   R6 CHAR1
(3011) 54A0  0101010010100000 (  19)                 AND   R2 R2 #0
(3012) 14A2  0001010010100010 (  20)                 ADD   R2 R2 #2
(3013) 5020  0101000000100000 (  21)                 AND   R0 R0 #0
(3014) 12E0  0001001011100000 (  22) LOOP            ADD   R1 R3 #0
(3015) 1E20  0001111000100000 (  23)                 ADD   R7 R0 #0
(3016) 1007  0001000000000111 (  24) LPCUR           ADD   R0 R0 R7
(3017) 127F  0001001001111111 (  25)                 ADD   R1 R1 #-1
(3018) 03FD  0000001111111101 (  26)                 BRP   LPCUR
(3019) 6380  0110001110000000 (  27)                 LDR   R1 R6 #0
(301A) 1244  0001001001000100 (  28)                 ADD   R1 R1 R4
(301B) 1001  0001000000000001 (  29)                 ADD   R0 R0 R1
(301C) 1245  0001001001000101 (  30)                 ADD   R1 R1 R5
(301D) 0801  0000100000000001 (  31)                 BRN   DONECUR
(301E) 1039  0001000000111001 (  32)                 ADD   R0 R0 #-7
(301F) 1DA1  0001110110100001 (  33) DONECUR         ADD   R6 R6 #1
(3020) 14BF  0001010010111111 (  34)                 ADD   R2 R2 #-1
(3021) 03F2  0000001111110010 (  35)                 BRP   LOOP
(3022) 54A0  0101010010100000 (  36)                 AND   R2 R2 #0
(3023) 14A8  0001010010101000 (  37)                 ADD   R2 R2 #8
(3024) E61F  1110011000011111 (  38)                 LEA   R3 BINEND
(3025) 2811  0010100000010001 (  39)                 LD    R4 ZEROCHAR
(3026) 5B60  0101101101100000 (  40)                 AND   R5 R5 #0
(3027) 1B61  0001101101100001 (  41)                 ADD   R5 R5 #1
(3028) 5205  0101001000000101 (  42) STLP            AND   R1 R0 R5
(3029) 0202  0000001000000010 (  43)                 BRP   ONENUM
(302A) 1320  0001001100100000 (  44)                 ADD   R1 R4 #0
(302B) 0E01  0000111000000001 (  45)                 BRNZP STORCH
(302C) 1321  0001001100100001 (  46) ONENUM          ADD   R1 R4 #1
(302D) 1B45  0001101101000101 (  47) STORCH          ADD   R5 R5 R5
(302E) 72FF  0111001011111111 (  48)                 STR   R1 R3 #-1
(302F) 16FF  0001011011111111 (  49)                 ADD   R3 R3 #-1
(3030) 14BF  0001010010111111 (  50)                 ADD   R2 R2 #-1
(3031) 03F6  0000001111110110 (  51)                 BRP   STLP
(3032) E009  1110000000001001 (  52)                 LEA   R0 BINARY
(3033) F022  1111000000100010 (  53)                 TRAP  x22
(3034) F025  1111000000100101 (  54) FINISH          TRAP  x25
(3035) 0000  0000000000000000 (  55) CHAR1           .FILL x0000
(3036) 0000  0000000000000000 (  56) CHAR2           .FILL x0000
(3037) 0030  0000000000110000 (  57) ZEROCHAR        .FILL x0030
(3038) FFEF  1111111111101111 (  58) ISHEXNUM        .FILL xFFEF
(3039) FFD0  1111111111010000 (  59) TONUMBER        .FILL xFFD0
(303A) FF88  1111111110001000 (  60) HEX             .FILL xFF88
(303B) FFDD  1111111111011101 (  61) DEC             .FILL xFFDD
(303C) 0000  0000000000000000 (  63) BINARY          .FILL x0000
(303D) 0000  0000000000000000 (  63)                 .FILL x0000
(303E) 0000  0000000000000000 (  63)                 .FILL x0000
(303F) 0000  0000000000000000 (  63)                 .FILL x0000
(3040) 0000  0000000000000000 (  63)                 .FILL x0000
(3041) 0000  0000000000000000 (  63)                 .FILL x0000
(3042) 0000  0000000000000000 (  63)                 .FILL x0000
(3043) 0000  0000000000000000 (  63)                 .FILL x0000
(3044) 0000  0000000000000000 (  63) BINEND          .FILL x0000
