(0000) 3000  0011000000000000 (   1)                 .ORIG x3000
(3000) 203C  0010000000111100 (   4)                 LD    R0 DATA
(3001) 223C  0010001000111100 (   5)                 LD    R1 COPY
(3002) 243C  0010010000111100 (   6)                 LD    R2 COUNTER
(3003) 0406  0000010000000110 (   7) LOOP1           BRZ   NEXT1
(3004) 6600  0110011000000000 (   8)                 LDR   R3 R0 #0
(3005) 1021  0001000000100001 (   9)                 ADD   R0 R0 #1
(3006) 7640  0111011001000000 (  10)                 STR   R3 R1 #0
(3007) 1261  0001001001100001 (  11)                 ADD   R1 R1 #1
(3008) 14BF  0001010010111111 (  12)                 ADD   R2 R2 #-1
(3009) 0FF9  0000111111111001 (  13)                 BRNZP LOOP1
(300A) 223B  0010001000111011 (  16) NEXT1           LD    R1 BUBBLE
(300B) 0412  0000010000010010 (  17) LOOP2           BRZ   NEXT2
(300C) 2031  0010000000110001 (  18)                 LD    R0 COPY
(300D) 2438  0010010000111000 (  19)                 LD    R2 BUBBLE
(300E) 040D  0000010000001101 (  20) LOOP3           BRZ   AGAIN
(300F) 6600  0110011000000000 (  21)                 LDR   R3 R0 #0
(3010) 1021  0001000000100001 (  22)                 ADD   R0 R0 #1
(3011) 6800  0110100000000000 (  23)                 LDR   R4 R0 #0
(3012) 9AFF  1001101011111111 (  24)                 NOT   R5 R3
(3013) 1B61  0001101101100001 (  25)                 ADD   R5 R5 #1
(3014) 1B44  0001101101000100 (  26)                 ADD   R5 R5 R4
(3015) 0C04  0000110000000100 (  27)                 BRNZ  RIGHT
(3016) 7600  0111011000000000 (  28)                 STR   R3 R0 #0
(3017) 103F  0001000000111111 (  29)                 ADD   R0 R0 #-1
(3018) 7800  0111100000000000 (  30)                 STR   R4 R0 #0
(3019) 1021  0001000000100001 (  31)                 ADD   R0 R0 #1
(301A) 14BF  0001010010111111 (  32) RIGHT           ADD   R2 R2 #-1
(301B) 0FF2  0000111111110010 (  33)                 BRNZP LOOP3
(301C) 127F  0001001001111111 (  34) AGAIN           ADD   R1 R1 #-1
(301D) 0FED  0000111111101101 (  35)                 BRNZP LOOP2
(301E) 201F  0010000000011111 (  38) NEXT2           LD    R0 COPY
(301F) 5260  0101001001100000 (  39)                 AND   R1 R1 #0
(3020) 54A0  0101010010100000 (  40)                 AND   R2 R2 #0
(3021) 261D  0010011000011101 (  41)                 LD    R3 COUNTER
(3022) 0417  0000010000010111 (  42) LOOP4           BRZ   FINISH
(3023) 6800  0110100000000000 (  43)                 LDR   R4 R0 #0
(3024) 2C1F  0010110000011111 (  44)                 LD    R6 A
(3025) 2E1F  0010111000011111 (  45)                 LD    R7 B
(3026) 993F  1001100100111111 (  46)                 NOT   R4 R4
(3027) 1921  0001100100100001 (  47)                 ADD   R4 R4 #1
(3028) 1D84  0001110110000100 (  48)                 ADD   R6 R6 R4
(3029) 0207  0000001000000111 (  49)                 BRP   BB
(302A) 9A3F  1001101000111111 (  50)                 NOT   R5 R0
(302B) 1B61  0001101101100001 (  51)                 ADD   R5 R5 #1
(302C) 2C15  0010110000010101 (  52)                 LD    R6 AHOLD
(302D) 1D85  0001110110000101 (  53)                 ADD   R6 R6 R5
(302E) 0802  0000100000000010 (  54)                 BRN   BB
(302F) 1261  0001001001100001 (  55)                 ADD   R1 R1 #1
(3030) 0E06  0000111000000110 (  56)                 BRNZP TAIL
(3031) 1FC4  0001111111000100 (  57) BB              ADD   R7 R7 R4
(3032) 0204  0000001000000100 (  58)                 BRP   TAIL
(3033) 2E0F  0010111000001111 (  59)                 LD    R7 BHOLD
(3034) 1FC5  0001111111000101 (  60)                 ADD   R7 R7 R5
(3035) 0801  0000100000000001 (  61)                 BRN   TAIL
(3036) 14A1  0001010010100001 (  62)                 ADD   R2 R2 #1
(3037) 1021  0001000000100001 (  63) TAIL            ADD   R0 R0 #1
(3038) 16FF  0001011011111111 (  64)                 ADD   R3 R3 #-1
(3039) 0FE8  0000111111101000 (  65)                 BRNZP LOOP4
(303A) B205  1011001000000101 (  68) FINISH          STI   R1 ANUM
(303B) B405  1011010000000101 (  69)                 STI   R2 BNUM
(303C) F025  1111000000100101 (  72)                 TRAP  x25
(303D) 3200  0011001000000000 (  75) DATA            .FILL x3200
(303E) 4000  0100000000000000 (  76) COPY            .FILL x4000
(303F) 0010  0000000000010000 (  77) COUNTER         .FILL x0010
(3040) 4100  0100000100000000 (  78) ANUM            .FILL x4100
(3041) 4101  0100000100000001 (  79) BNUM            .FILL x4101
(3042) 4003  0100000000000011 (  80) AHOLD           .FILL x4003
(3043) 4007  0100000000000111 (  81) BHOLD           .FILL x4007
(3044) 0055  0000000001010101 (  82) A               .FILL x0055
(3045) 004B  0000000001001011 (  83) B               .FILL x004B
(3046) 000F  0000000000001111 (  84) BUBBLE          .FILL x000F
